\BOOKMARK [0][-]{chapter.1}{\376\377\000T\000o\000d\000o\000\040\000L\000i\000s\000t}{}% 1
\BOOKMARK [0][-]{chapter.2}{\376\377\000D\000a\000t\000a\000\040\000S\000t\000r\000u\000c\000t\000u\000r\000e\000\040\000I\000n\000d\000e\000x}{}% 2
\BOOKMARK [1][-]{section.2.1}{\376\377\000D\000a\000t\000a\000\040\000S\000t\000r\000u\000c\000t\000u\000r\000e\000s}{chapter.2}% 3
\BOOKMARK [0][-]{chapter.3}{\376\377\000F\000i\000l\000e\000\040\000I\000n\000d\000e\000x}{}% 4
\BOOKMARK [1][-]{section.3.1}{\376\377\000F\000i\000l\000e\000\040\000L\000i\000s\000t}{chapter.3}% 5
\BOOKMARK [0][-]{chapter.4}{\376\377\000D\000a\000t\000a\000\040\000S\000t\000r\000u\000c\000t\000u\000r\000e\000\040\000D\000o\000c\000u\000m\000e\000n\000t\000a\000t\000i\000o\000n}{}% 6
\BOOKMARK [1][-]{section.4.1}{\376\377\000F\000u\000n\000c\000t\000i\000o\000n\000\040\000S\000t\000r\000u\000c\000t\000\040\000R\000e\000f\000e\000r\000e\000n\000c\000e}{chapter.4}% 7
\BOOKMARK [2][-]{subsection.4.1.1}{\376\377\000D\000e\000t\000a\000i\000l\000e\000d\000\040\000D\000e\000s\000c\000r\000i\000p\000t\000i\000o\000n}{section.4.1}% 8
\BOOKMARK [2][-]{subsection.4.1.2}{\376\377\000F\000i\000e\000l\000d\000\040\000D\000o\000c\000u\000m\000e\000n\000t\000a\000t\000i\000o\000n}{section.4.1}% 9
\BOOKMARK [3][-]{subsubsection.4.1.2.1}{\376\377\000d\000x}{subsection.4.1.2}% 10
\BOOKMARK [3][-]{subsubsection.4.1.2.2}{\376\377\000j}{subsection.4.1.2}% 11
\BOOKMARK [3][-]{subsubsection.4.1.2.3}{\376\377\000n\000e\000q}{subsection.4.1.2}% 12
\BOOKMARK [3][-]{subsubsection.4.1.2.4}{\376\377\000n\000p}{subsection.4.1.2}% 13
\BOOKMARK [3][-]{subsubsection.4.1.2.5}{\376\377\000p}{subsection.4.1.2}% 14
\BOOKMARK [3][-]{subsubsection.4.1.2.6}{\376\377\000t}{subsection.4.1.2}% 15
\BOOKMARK [3][-]{subsubsection.4.1.2.7}{\376\377\000x}{subsection.4.1.2}% 16
\BOOKMARK [1][-]{section.4.2}{\376\377\000N\000o\000d\000e\000\040\000S\000t\000r\000u\000c\000t\000\040\000R\000e\000f\000e\000r\000e\000n\000c\000e}{chapter.4}% 17
\BOOKMARK [2][-]{subsection.4.2.1}{\376\377\000D\000e\000t\000a\000i\000l\000e\000d\000\040\000D\000e\000s\000c\000r\000i\000p\000t\000i\000o\000n}{section.4.2}% 18
\BOOKMARK [2][-]{subsection.4.2.2}{\376\377\000F\000i\000e\000l\000d\000\040\000D\000o\000c\000u\000m\000e\000n\000t\000a\000t\000i\000o\000n}{section.4.2}% 19
\BOOKMARK [3][-]{subsubsection.4.2.2.1}{\376\377\000c\000h\000i\000l\000d\000r\000e\000n}{subsection.4.2.2}% 20
\BOOKMARK [3][-]{subsubsection.4.2.2.2}{\376\377\000i\000g\000n\000o\000r\000e}{subsection.4.2.2}% 21
\BOOKMARK [3][-]{subsubsection.4.2.2.3}{\376\377\000i\000n\000a\000m\000e}{subsection.4.2.2}% 22
\BOOKMARK [3][-]{subsubsection.4.2.2.4}{\376\377\000i\000v\000a\000l}{subsection.4.2.2}% 23
\BOOKMARK [3][-]{subsubsection.4.2.2.5}{\376\377\000n\000e\000x\000t}{subsection.4.2.2}% 24
\BOOKMARK [3][-]{subsubsection.4.2.2.6}{\376\377\000p\000a\000r\000e\000n\000t}{subsection.4.2.2}% 25
\BOOKMARK [3][-]{subsubsection.4.2.2.7}{\376\377\000p\000r\000e\000v\000i\000o\000u\000s}{subsection.4.2.2}% 26
\BOOKMARK [3][-]{subsubsection.4.2.2.8}{\376\377\000t\000a\000g}{subsection.4.2.2}% 27
\BOOKMARK [1][-]{section.4.3}{\376\377\000V\000a\000r\000i\000a\000b\000l\000e\000\040\000S\000t\000r\000u\000c\000t\000\040\000R\000e\000f\000e\000r\000e\000n\000c\000e}{chapter.4}% 28
\BOOKMARK [2][-]{subsection.4.3.1}{\376\377\000D\000e\000t\000a\000i\000l\000e\000d\000\040\000D\000e\000s\000c\000r\000i\000p\000t\000i\000o\000n}{section.4.3}% 29
\BOOKMARK [2][-]{subsection.4.3.2}{\376\377\000F\000i\000e\000l\000d\000\040\000D\000o\000c\000u\000m\000e\000n\000t\000a\000t\000i\000o\000n}{section.4.3}% 30
\BOOKMARK [3][-]{subsubsection.4.3.2.1}{\376\377\000i\000n\000a\000m\000e}{subsection.4.3.2}% 31
\BOOKMARK [3][-]{subsubsection.4.3.2.2}{\376\377\000n\000e\000x\000t}{subsection.4.3.2}% 32
\BOOKMARK [3][-]{subsubsection.4.3.2.3}{\376\377\000p\000r\000e\000v\000i\000o\000u\000s}{subsection.4.3.2}% 33
\BOOKMARK [3][-]{subsubsection.4.3.2.4}{\376\377\000r\000e\000l}{subsection.4.3.2}% 34
\BOOKMARK [3][-]{subsubsection.4.3.2.5}{\376\377\000t\000y\000p\000e}{subsection.4.3.2}% 35
\BOOKMARK [3][-]{subsubsection.4.3.2.6}{\376\377\000z\000e\000r\000o}{subsection.4.3.2}% 36
\BOOKMARK [0][-]{chapter.5}{\376\377\000F\000i\000l\000e\000\040\000D\000o\000c\000u\000m\000e\000n\000t\000a\000t\000i\000o\000n}{}% 37
\BOOKMARK [1][-]{section.5.1}{\376\377\000f\000o\000r\000t\000r\000a\000n\000.\000c\000\040\000F\000i\000l\000e\000\040\000R\000e\000f\000e\000r\000e\000n\000c\000e}{chapter.5}% 38
\BOOKMARK [2][-]{subsection.5.1.1}{\376\377\000M\000a\000c\000r\000o\000\040\000D\000e\000f\000i\000n\000i\000t\000i\000o\000n\000\040\000D\000o\000c\000u\000m\000e\000n\000t\000a\000t\000i\000o\000n}{section.5.1}% 39
\BOOKMARK [3][-]{subsubsection.5.1.1.1}{\376\377\000\137\000G\000N\000U\000\137\000S\000O\000U\000R\000C\000E}{subsection.5.1.1}% 40
\BOOKMARK [2][-]{subsection.5.1.2}{\376\377\000F\000u\000n\000c\000t\000i\000o\000n\000\040\000D\000o\000c\000u\000m\000e\000n\000t\000a\000t\000i\000o\000n}{section.5.1}% 41
\BOOKMARK [3][-]{subsubsection.5.1.2.1}{\376\377\000F\000\137\000a\000n\000d}{subsection.5.1.2}% 42
\BOOKMARK [3][-]{subsubsection.5.1.2.2}{\376\377\000F\000\137\000a\000r\000r\000a\000y\000i\000n\000d\000e\000x}{subsection.5.1.2}% 43
\BOOKMARK [3][-]{subsubsection.5.1.2.3}{\376\377\000F\000\137\000a\000s\000s\000i\000g\000n}{subsection.5.1.2}% 44
\BOOKMARK [3][-]{subsubsection.5.1.2.4}{\376\377\000F\000\137\000c\000o\000m\000b\000i\000n\000e}{subsection.5.1.2}% 45
\BOOKMARK [3][-]{subsubsection.5.1.2.5}{\376\377\000F\000\137\000d\000i\000v}{subsection.5.1.2}% 46
\BOOKMARK [3][-]{subsubsection.5.1.2.6}{\376\377\000F\000\137\000e\000l\000s\000e\000i\000f}{subsection.5.1.2}% 47
\BOOKMARK [3][-]{subsubsection.5.1.2.7}{\376\377\000F\000\137\000e\000q\000\137\000o\000p}{subsection.5.1.2}% 48
\BOOKMARK [3][-]{subsubsection.5.1.2.8}{\376\377\000F\000\137\000f\000o\000r}{subsection.5.1.2}% 49
\BOOKMARK [3][-]{subsubsection.5.1.2.9}{\376\377\000F\000\137\000g\000e\000\137\000o\000p}{subsection.5.1.2}% 50
\BOOKMARK [3][-]{subsubsection.5.1.2.10}{\376\377\000F\000\137\000g\000t\000\137\000o\000p}{subsection.5.1.2}% 51
\BOOKMARK [3][-]{subsubsection.5.1.2.11}{\376\377\000F\000\137\000i\000f}{subsection.5.1.2}% 52
\BOOKMARK [3][-]{subsubsection.5.1.2.12}{\376\377\000F\000\137\000i\000f\000e\000l\000s\000e}{subsection.5.1.2}% 53
\BOOKMARK [3][-]{subsubsection.5.1.2.13}{\376\377\000F\000\137\000i\000f\000e\000l\000s\000e\000i\000f}{subsection.5.1.2}% 54
\BOOKMARK [3][-]{subsubsection.5.1.2.14}{\376\377\000F\000\137\000i\000f\000e\000l\000s\000e\000i\000f\000e\000l\000s\000e}{subsection.5.1.2}% 55
\BOOKMARK [3][-]{subsubsection.5.1.2.15}{\376\377\000F\000\137\000i\000n\000d\000e\000x\000r\000a\000n\000g\000e}{subsection.5.1.2}% 56
\BOOKMARK [3][-]{subsubsection.5.1.2.16}{\376\377\000F\000\137\000l\000e\000\137\000o\000p}{subsection.5.1.2}% 57
\BOOKMARK [3][-]{subsubsection.5.1.2.17}{\376\377\000F\000\137\000l\000t\000\137\000o\000p}{subsection.5.1.2}% 58
\BOOKMARK [3][-]{subsubsection.5.1.2.18}{\376\377\000F\000\137\000m\000i\000n\000u\000s}{subsection.5.1.2}% 59
\BOOKMARK [3][-]{subsubsection.5.1.2.19}{\376\377\000F\000\137\000m\000u\000l}{subsection.5.1.2}% 60
\BOOKMARK [3][-]{subsubsection.5.1.2.20}{\376\377\000F\000\137\000n\000e\000\137\000o\000p}{subsection.5.1.2}% 61
\BOOKMARK [3][-]{subsubsection.5.1.2.21}{\376\377\000F\000\137\000n\000e\000g\000a\000t\000i\000v\000e}{subsection.5.1.2}% 62
\BOOKMARK [3][-]{subsubsection.5.1.2.22}{\376\377\000F\000\137\000n\000o\000t}{subsection.5.1.2}% 63
\BOOKMARK [3][-]{subsubsection.5.1.2.23}{\376\377\000F\000\137\000o\000r}{subsection.5.1.2}% 64
\BOOKMARK [3][-]{subsubsection.5.1.2.24}{\376\377\000F\000\137\000p\000l\000u\000s}{subsection.5.1.2}% 65
\BOOKMARK [3][-]{subsubsection.5.1.2.25}{\376\377\000F\000\137\000p\000o\000w}{subsection.5.1.2}% 66
\BOOKMARK [3][-]{subsubsection.5.1.2.26}{\376\377\000F\000\137\000r\000a\000n\000g\000e}{subsection.5.1.2}% 67
\BOOKMARK [3][-]{subsubsection.5.1.2.27}{\376\377\000F\000\137\000w\000h\000i\000l\000e}{subsection.5.1.2}% 68
\BOOKMARK [3][-]{subsubsection.5.1.2.28}{\376\377\000F\000\137\000z\000e\000r\000o\000s}{subsection.5.1.2}% 69
\BOOKMARK [3][-]{subsubsection.5.1.2.29}{\376\377\000f\000u\000n\000c\000t\000i\000o\000n\000T\000o\000F\000o\000r\000t\000r\000a\000n}{subsection.5.1.2}% 70
\BOOKMARK [3][-]{subsubsection.5.1.2.30}{\376\377\000l\000i\000n\000e}{subsection.5.1.2}% 71
\BOOKMARK [3][-]{subsubsection.5.1.2.31}{\376\377\000p\000r\000i\000n\000t\000F\000o\000r\000t\000r\000a\000n\000F\000u\000n\000c\000t\000i\000o\000n}{subsection.5.1.2}% 72
\BOOKMARK [3][-]{subsubsection.5.1.2.32}{\376\377\000t\000o\000F\000o\000r\000t\000r\000a\000n}{subsection.5.1.2}% 73
\BOOKMARK [1][-]{section.5.2}{\376\377\000f\000o\000r\000t\000r\000a\000n\000.\000h\000\040\000F\000i\000l\000e\000\040\000R\000e\000f\000e\000r\000e\000n\000c\000e}{chapter.5}% 74
\BOOKMARK [2][-]{subsection.5.2.1}{\376\377\000F\000u\000n\000c\000t\000i\000o\000n\000\040\000D\000o\000c\000u\000m\000e\000n\000t\000a\000t\000i\000o\000n}{section.5.2}% 75
\BOOKMARK [3][-]{subsubsection.5.2.1.1}{\376\377\000F\000\137\000a\000n\000d}{subsection.5.2.1}% 76
\BOOKMARK [3][-]{subsubsection.5.2.1.2}{\376\377\000F\000\137\000a\000r\000r\000a\000y\000i\000n\000d\000e\000x}{subsection.5.2.1}% 77
\BOOKMARK [3][-]{subsubsection.5.2.1.3}{\376\377\000F\000\137\000a\000s\000s\000i\000g\000n}{subsection.5.2.1}% 78
\BOOKMARK [3][-]{subsubsection.5.2.1.4}{\376\377\000F\000\137\000c\000o\000m\000b\000i\000n\000e}{subsection.5.2.1}% 79
\BOOKMARK [3][-]{subsubsection.5.2.1.5}{\376\377\000F\000\137\000d\000i\000v}{subsection.5.2.1}% 80
\BOOKMARK [3][-]{subsubsection.5.2.1.6}{\376\377\000F\000\137\000e\000l\000s\000e\000i\000f}{subsection.5.2.1}% 81
\BOOKMARK [3][-]{subsubsection.5.2.1.7}{\376\377\000F\000\137\000e\000q\000\137\000o\000p}{subsection.5.2.1}% 82
\BOOKMARK [3][-]{subsubsection.5.2.1.8}{\376\377\000F\000\137\000f\000o\000r}{subsection.5.2.1}% 83
\BOOKMARK [3][-]{subsubsection.5.2.1.9}{\376\377\000F\000\137\000g\000e\000\137\000o\000p}{subsection.5.2.1}% 84
\BOOKMARK [3][-]{subsubsection.5.2.1.10}{\376\377\000F\000\137\000g\000t\000\137\000o\000p}{subsection.5.2.1}% 85
\BOOKMARK [3][-]{subsubsection.5.2.1.11}{\376\377\000F\000\137\000i\000f}{subsection.5.2.1}% 86
\BOOKMARK [3][-]{subsubsection.5.2.1.12}{\376\377\000F\000\137\000i\000f\000e\000l\000s\000e}{subsection.5.2.1}% 87
\BOOKMARK [3][-]{subsubsection.5.2.1.13}{\376\377\000F\000\137\000i\000f\000e\000l\000s\000e\000i\000f}{subsection.5.2.1}% 88
\BOOKMARK [3][-]{subsubsection.5.2.1.14}{\376\377\000F\000\137\000i\000f\000e\000l\000s\000e\000i\000f\000e\000l\000s\000e}{subsection.5.2.1}% 89
\BOOKMARK [3][-]{subsubsection.5.2.1.15}{\376\377\000F\000\137\000i\000n\000d\000e\000x\000r\000a\000n\000g\000e}{subsection.5.2.1}% 90
\BOOKMARK [3][-]{subsubsection.5.2.1.16}{\376\377\000F\000\137\000l\000e\000\137\000o\000p}{subsection.5.2.1}% 91
\BOOKMARK [3][-]{subsubsection.5.2.1.17}{\376\377\000F\000\137\000l\000t\000\137\000o\000p}{subsection.5.2.1}% 92
\BOOKMARK [3][-]{subsubsection.5.2.1.18}{\376\377\000F\000\137\000m\000i\000n\000u\000s}{subsection.5.2.1}% 93
\BOOKMARK [3][-]{subsubsection.5.2.1.19}{\376\377\000F\000\137\000m\000u\000l}{subsection.5.2.1}% 94
\BOOKMARK [3][-]{subsubsection.5.2.1.20}{\376\377\000F\000\137\000n\000e\000\137\000o\000p}{subsection.5.2.1}% 95
\BOOKMARK [3][-]{subsubsection.5.2.1.21}{\376\377\000F\000\137\000n\000e\000g\000a\000t\000i\000v\000e}{subsection.5.2.1}% 96
\BOOKMARK [3][-]{subsubsection.5.2.1.22}{\376\377\000F\000\137\000n\000o\000t}{subsection.5.2.1}% 97
\BOOKMARK [3][-]{subsubsection.5.2.1.23}{\376\377\000F\000\137\000o\000r}{subsection.5.2.1}% 98
\BOOKMARK [3][-]{subsubsection.5.2.1.24}{\376\377\000F\000\137\000p\000l\000u\000s}{subsection.5.2.1}% 99
\BOOKMARK [3][-]{subsubsection.5.2.1.25}{\376\377\000F\000\137\000p\000o\000w}{subsection.5.2.1}% 100
\BOOKMARK [3][-]{subsubsection.5.2.1.26}{\376\377\000F\000\137\000r\000a\000n\000g\000e}{subsection.5.2.1}% 101
\BOOKMARK [3][-]{subsubsection.5.2.1.27}{\376\377\000F\000\137\000w\000h\000i\000l\000e}{subsection.5.2.1}% 102
\BOOKMARK [3][-]{subsubsection.5.2.1.28}{\376\377\000F\000\137\000z\000e\000r\000o\000s}{subsection.5.2.1}% 103
\BOOKMARK [3][-]{subsubsection.5.2.1.29}{\376\377\000f\000u\000n\000c\000t\000i\000o\000n\000T\000o\000F\000o\000r\000t\000r\000a\000n}{subsection.5.2.1}% 104
\BOOKMARK [3][-]{subsubsection.5.2.1.30}{\376\377\000l\000i\000n\000e}{subsection.5.2.1}% 105
\BOOKMARK [3][-]{subsubsection.5.2.1.31}{\376\377\000p\000r\000i\000n\000t\000F\000o\000r\000t\000r\000a\000n\000F\000u\000n\000c\000t\000i\000o\000n}{subsection.5.2.1}% 106
\BOOKMARK [3][-]{subsubsection.5.2.1.32}{\376\377\000t\000o\000F\000o\000r\000t\000r\000a\000n}{subsection.5.2.1}% 107
\BOOKMARK [1][-]{section.5.3}{\376\377\000j\000a\000c\000o\000b\000i\000a\000n\000.\000c\000\040\000F\000i\000l\000e\000\040\000R\000e\000f\000e\000r\000e\000n\000c\000e}{chapter.5}% 108
\BOOKMARK [2][-]{subsection.5.3.1}{\376\377\000M\000a\000c\000r\000o\000\040\000D\000e\000f\000i\000n\000i\000t\000i\000o\000n\000\040\000D\000o\000c\000u\000m\000e\000n\000t\000a\000t\000i\000o\000n}{section.5.3}% 109
\BOOKMARK [3][-]{subsubsection.5.3.1.1}{\376\377\000\137\000G\000N\000U\000\137\000S\000O\000U\000R\000C\000E}{subsection.5.3.1}% 110
\BOOKMARK [2][-]{subsection.5.3.2}{\376\377\000F\000u\000n\000c\000t\000i\000o\000n\000\040\000D\000o\000c\000u\000m\000e\000n\000t\000a\000t\000i\000o\000n}{section.5.3}% 111
\BOOKMARK [3][-]{subsubsection.5.3.2.1}{\376\377\000D}{subsection.5.3.2}% 112
\BOOKMARK [3][-]{subsubsection.5.3.2.2}{\376\377\000D\000\137\000a\000r\000r\000a\000y\000i\000n\000d\000e\000x}{subsection.5.3.2}% 113
\BOOKMARK [3][-]{subsubsection.5.3.2.3}{\376\377\000D\000\137\000a\000s\000s\000i\000g\000n}{subsection.5.3.2}% 114
\BOOKMARK [3][-]{subsubsection.5.3.2.4}{\376\377\000D\000\137\000d\000i\000v}{subsection.5.3.2}% 115
\BOOKMARK [3][-]{subsubsection.5.3.2.5}{\376\377\000D\000\137\000f\000o\000r}{subsection.5.3.2}% 116
\BOOKMARK [3][-]{subsubsection.5.3.2.6}{\376\377\000D\000\137\000i\000f}{subsection.5.3.2}% 117
\BOOKMARK [3][-]{subsubsection.5.3.2.7}{\376\377\000D\000\137\000i\000f\000e\000l\000s\000e}{subsection.5.3.2}% 118
\BOOKMARK [3][-]{subsubsection.5.3.2.8}{\376\377\000D\000\137\000m\000i\000n\000u\000s}{subsection.5.3.2}% 119
\BOOKMARK [3][-]{subsubsection.5.3.2.9}{\376\377\000D\000\137\000m\000u\000l}{subsection.5.3.2}% 120
\BOOKMARK [3][-]{subsubsection.5.3.2.10}{\376\377\000D\000\137\000n\000e\000g\000a\000t\000i\000v\000e}{subsection.5.3.2}% 121
\BOOKMARK [3][-]{subsubsection.5.3.2.11}{\376\377\000D\000\137\000p\000l\000u\000s}{subsection.5.3.2}% 122
\BOOKMARK [3][-]{subsubsection.5.3.2.12}{\376\377\000D\000\137\000p\000o\000w}{subsection.5.3.2}% 123
\BOOKMARK [3][-]{subsubsection.5.3.2.13}{\376\377\000D\000\137\000v\000a\000r}{subsection.5.3.2}% 124
\BOOKMARK [3][-]{subsubsection.5.3.2.14}{\376\377\000D\000\137\000z\000e\000r\000o\000s}{subsection.5.3.2}% 125
\BOOKMARK [3][-]{subsubsection.5.3.2.15}{\376\377\000d\000e\000r\000i\000v\000a\000t\000i\000v\000e}{subsection.5.3.2}% 126
\BOOKMARK [3][-]{subsubsection.5.3.2.16}{\376\377\000f\000u\000n\000c\000t\000i\000o\000n\000T\000o\000J\000a\000c\000o\000b\000i\000a\000n}{subsection.5.3.2}% 127
\BOOKMARK [1][-]{section.5.4}{\376\377\000j\000a\000c\000o\000b\000i\000a\000n\000.\000h\000\040\000F\000i\000l\000e\000\040\000R\000e\000f\000e\000r\000e\000n\000c\000e}{chapter.5}% 128
\BOOKMARK [2][-]{subsection.5.4.1}{\376\377\000F\000u\000n\000c\000t\000i\000o\000n\000\040\000D\000o\000c\000u\000m\000e\000n\000t\000a\000t\000i\000o\000n}{section.5.4}% 129
\BOOKMARK [3][-]{subsubsection.5.4.1.1}{\376\377\000D}{subsection.5.4.1}% 130
\BOOKMARK [3][-]{subsubsection.5.4.1.2}{\376\377\000D\000\137\000a\000r\000r\000a\000y\000i\000n\000d\000e\000x}{subsection.5.4.1}% 131
\BOOKMARK [3][-]{subsubsection.5.4.1.3}{\376\377\000D\000\137\000a\000s\000s\000i\000g\000n}{subsection.5.4.1}% 132
\BOOKMARK [3][-]{subsubsection.5.4.1.4}{\376\377\000D\000\137\000d\000i\000v}{subsection.5.4.1}% 133
\BOOKMARK [3][-]{subsubsection.5.4.1.5}{\376\377\000D\000\137\000f\000o\000r}{subsection.5.4.1}% 134
\BOOKMARK [3][-]{subsubsection.5.4.1.6}{\376\377\000D\000\137\000i\000f}{subsection.5.4.1}% 135
\BOOKMARK [3][-]{subsubsection.5.4.1.7}{\376\377\000D\000\137\000i\000f\000e\000l\000s\000e}{subsection.5.4.1}% 136
\BOOKMARK [3][-]{subsubsection.5.4.1.8}{\376\377\000D\000\137\000m\000i\000n\000u\000s}{subsection.5.4.1}% 137
\BOOKMARK [3][-]{subsubsection.5.4.1.9}{\376\377\000D\000\137\000m\000u\000l}{subsection.5.4.1}% 138
\BOOKMARK [3][-]{subsubsection.5.4.1.10}{\376\377\000D\000\137\000n\000e\000g\000a\000t\000i\000v\000e}{subsection.5.4.1}% 139
\BOOKMARK [3][-]{subsubsection.5.4.1.11}{\376\377\000D\000\137\000p\000l\000u\000s}{subsection.5.4.1}% 140
\BOOKMARK [3][-]{subsubsection.5.4.1.12}{\376\377\000D\000\137\000p\000o\000w}{subsection.5.4.1}% 141
\BOOKMARK [3][-]{subsubsection.5.4.1.13}{\376\377\000D\000\137\000v\000a\000r}{subsection.5.4.1}% 142
\BOOKMARK [3][-]{subsubsection.5.4.1.14}{\376\377\000D\000\137\000z\000e\000r\000o\000s}{subsection.5.4.1}% 143
\BOOKMARK [3][-]{subsubsection.5.4.1.15}{\376\377\000d\000e\000r\000i\000v\000a\000t\000i\000v\000e}{subsection.5.4.1}% 144
\BOOKMARK [3][-]{subsubsection.5.4.1.16}{\376\377\000f\000u\000n\000c\000t\000i\000o\000n\000T\000o\000J\000a\000c\000o\000b\000i\000a\000n}{subsection.5.4.1}% 145
\BOOKMARK [3][-]{subsubsection.5.4.1.17}{\376\377\000m\000a\000i\000n}{subsection.5.4.1}% 146
\BOOKMARK [1][-]{section.5.5}{\376\377\000n\000o\000d\000e\000.\000c\000\040\000F\000i\000l\000e\000\040\000R\000e\000f\000e\000r\000e\000n\000c\000e}{chapter.5}% 147
\BOOKMARK [2][-]{subsection.5.5.1}{\376\377\000F\000u\000n\000c\000t\000i\000o\000n\000\040\000D\000o\000c\000u\000m\000e\000n\000t\000a\000t\000i\000o\000n}{section.5.5}% 148
\BOOKMARK [3][-]{subsubsection.5.5.1.1}{\376\377\000a\000p\000p\000e\000n\000d\000C\000h\000i\000l\000d}{subsection.5.5.1}% 149
\BOOKMARK [3][-]{subsubsection.5.5.1.2}{\376\377\000a\000p\000p\000e\000n\000d\000S\000t\000a\000t\000e\000m\000e\000n\000t}{subsection.5.5.1}% 150
\BOOKMARK [3][-]{subsubsection.5.5.1.3}{\376\377\000c\000o\000m\000p\000a\000r\000e\000N\000o\000d\000e\000s}{subsection.5.5.1}% 151
\BOOKMARK [3][-]{subsubsection.5.5.1.4}{\376\377\000c\000o\000p\000y\000N\000o\000d\000e}{subsection.5.5.1}% 152
\BOOKMARK [3][-]{subsubsection.5.5.1.5}{\376\377\000c\000r\000e\000a\000t\000e\000C\000o\000n\000s\000t\000a\000n\000t}{subsection.5.5.1}% 153
\BOOKMARK [3][-]{subsubsection.5.5.1.6}{\376\377\000c\000r\000e\000a\000t\000e\000O\000p\000e\000r\000a\000t\000i\000o\000n}{subsection.5.5.1}% 154
\BOOKMARK [3][-]{subsubsection.5.5.1.7}{\376\377\000c\000r\000e\000a\000t\000e\000V\000a\000r\000i\000a\000b\000l\000e}{subsection.5.5.1}% 155
\BOOKMARK [3][-]{subsubsection.5.5.1.8}{\376\377\000f\000i\000n\000d\000V\000a\000r\000i\000a\000b\000l\000e}{subsection.5.5.1}% 156
\BOOKMARK [3][-]{subsubsection.5.5.1.9}{\376\377\000l\000a\000s\000t}{subsection.5.5.1}% 157
\BOOKMARK [3][-]{subsubsection.5.5.1.10}{\376\377\000r\000e\000m\000o\000v\000e\000N\000o\000d\000e}{subsection.5.5.1}% 158
\BOOKMARK [3][-]{subsubsection.5.5.1.11}{\376\377\000s\000e\000t\000I\000d\000e\000n\000t\000i\000f\000i\000e\000r}{subsection.5.5.1}% 159
\BOOKMARK [1][-]{section.5.6}{\376\377\000n\000o\000d\000e\000.\000h\000\040\000F\000i\000l\000e\000\040\000R\000e\000f\000e\000r\000e\000n\000c\000e}{chapter.5}% 160
\BOOKMARK [2][-]{subsection.5.6.1}{\376\377\000E\000n\000u\000m\000e\000r\000a\000t\000i\000o\000n\000\040\000T\000y\000p\000e\000\040\000D\000o\000c\000u\000m\000e\000n\000t\000a\000t\000i\000o\000n}{section.5.6}% 161
\BOOKMARK [3][-]{subsubsection.5.6.1.1}{\376\377\000N\000o\000d\000e\000T\000a\000g}{subsection.5.6.1}% 162
\BOOKMARK [2][-]{subsection.5.6.2}{\376\377\000F\000u\000n\000c\000t\000i\000o\000n\000\040\000D\000o\000c\000u\000m\000e\000n\000t\000a\000t\000i\000o\000n}{section.5.6}% 163
\BOOKMARK [3][-]{subsubsection.5.6.2.1}{\376\377\000a\000p\000p\000e\000n\000d\000C\000h\000i\000l\000d}{subsection.5.6.2}% 164
\BOOKMARK [3][-]{subsubsection.5.6.2.2}{\376\377\000a\000p\000p\000e\000n\000d\000S\000t\000a\000t\000e\000m\000e\000n\000t}{subsection.5.6.2}% 165
\BOOKMARK [3][-]{subsubsection.5.6.2.3}{\376\377\000c\000o\000m\000p\000a\000r\000e\000N\000o\000d\000e\000s}{subsection.5.6.2}% 166
\BOOKMARK [3][-]{subsubsection.5.6.2.4}{\376\377\000c\000o\000p\000y\000N\000o\000d\000e}{subsection.5.6.2}% 167
\BOOKMARK [3][-]{subsubsection.5.6.2.5}{\376\377\000c\000r\000e\000a\000t\000e\000C\000o\000n\000s\000t\000a\000n\000t}{subsection.5.6.2}% 168
\BOOKMARK [3][-]{subsubsection.5.6.2.6}{\376\377\000c\000r\000e\000a\000t\000e\000O\000p\000e\000r\000a\000t\000i\000o\000n}{subsection.5.6.2}% 169
\BOOKMARK [3][-]{subsubsection.5.6.2.7}{\376\377\000c\000r\000e\000a\000t\000e\000V\000a\000r\000i\000a\000b\000l\000e}{subsection.5.6.2}% 170
\BOOKMARK [3][-]{subsubsection.5.6.2.8}{\376\377\000f\000i\000n\000d\000V\000a\000r\000i\000a\000b\000l\000e}{subsection.5.6.2}% 171
\BOOKMARK [3][-]{subsubsection.5.6.2.9}{\376\377\000l\000a\000s\000t}{subsection.5.6.2}% 172
\BOOKMARK [3][-]{subsubsection.5.6.2.10}{\376\377\000r\000e\000m\000o\000v\000e\000N\000o\000d\000e}{subsection.5.6.2}% 173
\BOOKMARK [3][-]{subsubsection.5.6.2.11}{\376\377\000s\000e\000t\000I\000d\000e\000n\000t\000i\000f\000i\000e\000r}{subsection.5.6.2}% 174
\BOOKMARK [1][-]{section.5.7}{\376\377\000s\000i\000m\000p\000l\000i\000f\000y\000.\000c\000\040\000F\000i\000l\000e\000\040\000R\000e\000f\000e\000r\000e\000n\000c\000e}{chapter.5}% 175
\BOOKMARK [2][-]{subsection.5.7.1}{\376\377\000M\000a\000c\000r\000o\000\040\000D\000e\000f\000i\000n\000i\000t\000i\000o\000n\000\040\000D\000o\000c\000u\000m\000e\000n\000t\000a\000t\000i\000o\000n}{section.5.7}% 176
\BOOKMARK [3][-]{subsubsection.5.7.1.1}{\376\377\000\137\000G\000N\000U\000\137\000S\000O\000U\000R\000C\000E}{subsection.5.7.1}% 177
\BOOKMARK [2][-]{subsection.5.7.2}{\376\377\000F\000u\000n\000c\000t\000i\000o\000n\000\040\000D\000o\000c\000u\000m\000e\000n\000t\000a\000t\000i\000o\000n}{section.5.7}% 178
\BOOKMARK [3][-]{subsubsection.5.7.2.1}{\376\377\000g\000e\000t\000V\000a\000r\000i\000a\000b\000l\000e\000Z\000e\000r\000o}{subsection.5.7.2}% 179
\BOOKMARK [3][-]{subsubsection.5.7.2.2}{\376\377\000r\000e\000g\000i\000s\000t\000e\000r\000Z\000e\000r\000o\000V\000a\000r}{subsection.5.7.2}% 180
\BOOKMARK [3][-]{subsubsection.5.7.2.3}{\376\377\000S\000\137\000r\000e\000m\000o\000v\000e\000P\000l\000u\000s\000Z\000e\000r\000o}{subsection.5.7.2}% 181
\BOOKMARK [3][-]{subsubsection.5.7.2.4}{\376\377\000S\000\137\000r\000e\000p\000l\000a\000c\000e\000Z\000e\000r\000o\000A\000s\000s\000i\000g\000n\000m\000e\000n\000t\000s}{subsection.5.7.2}% 182
\BOOKMARK [3][-]{subsubsection.5.7.2.5}{\376\377\000S\000\137\000z\000e\000r\000o\000A\000s\000s\000i\000g\000n\000m\000e\000n\000t\000s}{subsection.5.7.2}% 183
\BOOKMARK [3][-]{subsubsection.5.7.2.6}{\376\377\000s\000i\000m\000p\000l\000i\000f\000y\000S\000t\000r\000u\000c\000t\000u\000r\000e}{subsection.5.7.2}% 184
\BOOKMARK [1][-]{section.5.8}{\376\377\000s\000i\000m\000p\000l\000i\000f\000y\000.\000h\000\040\000F\000i\000l\000e\000\040\000R\000e\000f\000e\000r\000e\000n\000c\000e}{chapter.5}% 185
\BOOKMARK [2][-]{subsection.5.8.1}{\376\377\000E\000n\000u\000m\000e\000r\000a\000t\000i\000o\000n\000\040\000T\000y\000p\000e\000\040\000D\000o\000c\000u\000m\000e\000n\000t\000a\000t\000i\000o\000n}{section.5.8}% 186
\BOOKMARK [3][-]{subsubsection.5.8.1.1}{\376\377\000S\000i\000m\000p\000l\000i\000f\000y\000S\000t\000a\000t\000e}{subsection.5.8.1}% 187
\BOOKMARK [2][-]{subsection.5.8.2}{\376\377\000F\000u\000n\000c\000t\000i\000o\000n\000\040\000D\000o\000c\000u\000m\000e\000n\000t\000a\000t\000i\000o\000n}{section.5.8}% 188
\BOOKMARK [3][-]{subsubsection.5.8.2.1}{\376\377\000g\000e\000t\000V\000a\000r\000i\000a\000b\000l\000e\000Z\000e\000r\000o}{subsection.5.8.2}% 189
\BOOKMARK [3][-]{subsubsection.5.8.2.2}{\376\377\000r\000e\000g\000i\000s\000t\000e\000r\000Z\000e\000r\000o\000V\000a\000r}{subsection.5.8.2}% 190
\BOOKMARK [3][-]{subsubsection.5.8.2.3}{\376\377\000S\000\137\000r\000e\000m\000o\000v\000e\000P\000l\000u\000s\000Z\000e\000r\000o}{subsection.5.8.2}% 191
\BOOKMARK [3][-]{subsubsection.5.8.2.4}{\376\377\000S\000\137\000r\000e\000p\000l\000a\000c\000e\000Z\000e\000r\000o\000A\000s\000s\000i\000g\000n\000m\000e\000n\000t\000s}{subsection.5.8.2}% 192
\BOOKMARK [3][-]{subsubsection.5.8.2.5}{\376\377\000S\000\137\000z\000e\000r\000o\000A\000s\000s\000i\000g\000n\000m\000e\000n\000t\000s}{subsection.5.8.2}% 193
\BOOKMARK [3][-]{subsubsection.5.8.2.6}{\376\377\000s\000i\000m\000p\000l\000i\000f\000y\000S\000t\000r\000u\000c\000t\000u\000r\000e}{subsection.5.8.2}% 194
\BOOKMARK [2][-]{subsection.5.8.3}{\376\377\000V\000a\000r\000i\000a\000b\000l\000e\000\040\000D\000o\000c\000u\000m\000e\000n\000t\000a\000t\000i\000o\000n}{section.5.8}% 195
\BOOKMARK [3][-]{subsubsection.5.8.3.1}{\376\377\000s\000i\000m\000p\000l\000i\000f\000y\000S\000t\000a\000t\000e\000S\000i\000z\000e}{subsection.5.8.3}% 196
\BOOKMARK [1][-]{section.5.9}{\376\377\000t\000r\000e\000e\000.\000c\000\040\000F\000i\000l\000e\000\040\000R\000e\000f\000e\000r\000e\000n\000c\000e}{chapter.5}% 197
\BOOKMARK [2][-]{subsection.5.9.1}{\376\377\000M\000a\000c\000r\000o\000\040\000D\000e\000f\000i\000n\000i\000t\000i\000o\000n\000\040\000D\000o\000c\000u\000m\000e\000n\000t\000a\000t\000i\000o\000n}{section.5.9}% 198
\BOOKMARK [3][-]{subsubsection.5.9.1.1}{\376\377\000\137\000G\000N\000U\000\137\000S\000O\000U\000R\000C\000E}{subsection.5.9.1}% 199
\BOOKMARK [2][-]{subsection.5.9.2}{\376\377\000F\000u\000n\000c\000t\000i\000o\000n\000\040\000D\000o\000c\000u\000m\000e\000n\000t\000a\000t\000i\000o\000n}{section.5.9}% 200
\BOOKMARK [3][-]{subsubsection.5.9.2.1}{\376\377\000d\000e\000p\000t\000h}{subsection.5.9.2}% 201
\BOOKMARK [3][-]{subsubsection.5.9.2.2}{\376\377\000e\000m\000a\000l\000l\000o\000c}{subsection.5.9.2}% 202
\BOOKMARK [3][-]{subsubsection.5.9.2.3}{\376\377\000f\000a\000t\000a\000l\000E\000r\000r\000o\000r}{subsection.5.9.2}% 203
\BOOKMARK [3][-]{subsubsection.5.9.2.4}{\376\377\000g\000e\000t\000R\000e\000l\000a\000t\000i\000v\000e\000T\000o\000Y}{subsection.5.9.2}% 204
\BOOKMARK [3][-]{subsubsection.5.9.2.5}{\376\377\000p\000r\000i\000n\000t\000\137\000t\000r\000e\000e}{subsection.5.9.2}% 205
\BOOKMARK [3][-]{subsubsection.5.9.2.6}{\376\377\000p\000r\000o\000c\000e\000s\000s\000D\000e\000p\000e\000n\000d\000e\000n\000t\000V\000e\000c\000t\000o\000r\000I\000d\000e\000n\000t\000i\000f\000i\000e\000r}{subsection.5.9.2}% 206
\BOOKMARK [3][-]{subsubsection.5.9.2.7}{\376\377\000p\000r\000o\000c\000e\000s\000s\000F\000u\000n\000c\000t\000i\000o\000n\000H\000e\000a\000d\000e\000r}{subsection.5.9.2}% 207
\BOOKMARK [3][-]{subsubsection.5.9.2.8}{\376\377\000p\000r\000o\000c\000e\000s\000s\000I\000d\000e\000n\000t\000i\000f\000i\000e\000r}{subsection.5.9.2}% 208
\BOOKMARK [3][-]{subsubsection.5.9.2.9}{\376\377\000r\000e\000g\000i\000s\000t\000e\000r\000V\000a\000r\000i\000a\000b\000l\000e}{subsection.5.9.2}% 209
\BOOKMARK [1][-]{section.5.10}{\376\377\000t\000r\000e\000e\000.\000h\000\040\000F\000i\000l\000e\000\040\000R\000e\000f\000e\000r\000e\000n\000c\000e}{chapter.5}% 210
\BOOKMARK [2][-]{subsection.5.10.1}{\376\377\000M\000a\000c\000r\000o\000\040\000D\000e\000f\000i\000n\000i\000t\000i\000o\000n\000\040\000D\000o\000c\000u\000m\000e\000n\000t\000a\000t\000i\000o\000n}{section.5.10}% 211
\BOOKMARK [3][-]{subsubsection.5.10.1.1}{\376\377\000M\000I\000N}{subsection.5.10.1}% 212
\BOOKMARK [2][-]{subsection.5.10.2}{\376\377\000E\000n\000u\000m\000e\000r\000a\000t\000i\000o\000n\000\040\000T\000y\000p\000e\000\040\000D\000o\000c\000u\000m\000e\000n\000t\000a\000t\000i\000o\000n}{section.5.10}% 213
\BOOKMARK [3][-]{subsubsection.5.10.2.1}{\376\377\000V\000a\000r\000i\000a\000b\000l\000e\000T\000y\000p\000e}{subsection.5.10.2}% 214
\BOOKMARK [2][-]{subsection.5.10.3}{\376\377\000F\000u\000n\000c\000t\000i\000o\000n\000\040\000D\000o\000c\000u\000m\000e\000n\000t\000a\000t\000i\000o\000n}{section.5.10}% 215
\BOOKMARK [3][-]{subsubsection.5.10.3.1}{\376\377\000e\000m\000a\000l\000l\000o\000c}{subsection.5.10.3}% 216
\BOOKMARK [3][-]{subsubsection.5.10.3.2}{\376\377\000f\000a\000t\000a\000l\000E\000r\000r\000o\000r}{subsection.5.10.3}% 217
\BOOKMARK [3][-]{subsubsection.5.10.3.3}{\376\377\000g\000e\000t\000R\000e\000l\000a\000t\000i\000v\000e\000T\000o\000Y}{subsection.5.10.3}% 218
\BOOKMARK [3][-]{subsubsection.5.10.3.4}{\376\377\000p\000r\000i\000n\000t\000\137\000t\000r\000e\000e}{subsection.5.10.3}% 219
\BOOKMARK [3][-]{subsubsection.5.10.3.5}{\376\377\000p\000r\000o\000c\000e\000s\000s\000D\000e\000p\000e\000n\000d\000e\000n\000t\000V\000e\000c\000t\000o\000r\000I\000d\000e\000n\000t\000i\000f\000i\000e\000r}{subsection.5.10.3}% 220
\BOOKMARK [3][-]{subsubsection.5.10.3.6}{\376\377\000p\000r\000o\000c\000e\000s\000s\000F\000u\000n\000c\000t\000i\000o\000n\000H\000e\000a\000d\000e\000r}{subsection.5.10.3}% 221
\BOOKMARK [3][-]{subsubsection.5.10.3.7}{\376\377\000p\000r\000o\000c\000e\000s\000s\000I\000d\000e\000n\000t\000i\000f\000i\000e\000r}{subsection.5.10.3}% 222
\BOOKMARK [3][-]{subsubsection.5.10.3.8}{\376\377\000r\000e\000g\000i\000s\000t\000e\000r\000V\000a\000r\000i\000a\000b\000l\000e}{subsection.5.10.3}% 223
\BOOKMARK [2][-]{subsection.5.10.4}{\376\377\000V\000a\000r\000i\000a\000b\000l\000e\000\040\000D\000o\000c\000u\000m\000e\000n\000t\000a\000t\000i\000o\000n}{section.5.10}% 224
\BOOKMARK [3][-]{subsubsection.5.10.4.1}{\376\377\000f\000u\000n\000c}{subsection.5.10.4}% 225
\BOOKMARK [3][-]{subsubsection.5.10.4.2}{\376\377\000l\000a\000b\000e\000l\000c\000o\000u\000n\000t}{subsection.5.10.4}% 226
\BOOKMARK [3][-]{subsubsection.5.10.4.3}{\376\377\000o\000u\000t}{subsection.5.10.4}% 227
\BOOKMARK [3][-]{subsubsection.5.10.4.4}{\376\377\000v\000a\000r\000s}{subsection.5.10.4}% 228
\BOOKMARK [3][-]{subsubsection.5.10.4.5}{\376\377\000w\000a\000r\000n}{subsection.5.10.4}% 229
\BOOKMARK [-1][-]{section*.27}{\376\377\000I\000n\000d\000e\000x}{}% 230
